<?xml version="1.0" encoding="UTF-8"?>
<!-- Generated by org.testng.reporters.JUnitReportReporter -->
<testsuite skipped="0" hostname="LAPTOP-05T8M7K4" name="org.TestNG.pojo.testngAnnotations" tests="2" failures="0" timestamp="2 Jan 2021 16:09:39 GMT" time="0.015" errors="0">
  <testcase name="test1" time="0.009" classname="org.TestNG.pojo.testngAnnotations"/>
  <testcase name="test2" time="0.006" classname="org.TestNG.pojo.testngAnnotations"/>
</testsuite> <!-- org.TestNG.pojo.testngAnnotations -->
